2021-01-31 08:44:59.480 [main] INFO  com.lzw.order_admin_sys.OrderAdminSysApplication - Starting OrderAdminSysApplication using Java 1.8.0_221 on DESKTOP-CCETMSE with PID 3500 (D:\javaPro\order_admin_sys\target\classes started by LZW in D:\javaPro\order_admin_sys)
2021-01-31 08:44:59.616 [main] INFO  com.lzw.order_admin_sys.OrderAdminSysApplication - No active profile set, falling back to default profiles: default
2021-01-31 08:45:04.569 [main] INFO  o.s.boot.web.embedded.tomcat.TomcatWebServer - Tomcat initialized with port(s): 8088 (http)
2021-01-31 08:45:04.603 [main] INFO  org.apache.coyote.http11.Http11NioProtocol - Initializing ProtocolHandler ["http-nio-8088"]
2021-01-31 08:45:04.606 [main] INFO  org.apache.catalina.core.StandardService - Starting service [Tomcat]
2021-01-31 08:45:04.609 [main] INFO  org.apache.catalina.core.StandardEngine - Starting Servlet engine: [Apache Tomcat/9.0.41]
2021-01-31 08:45:05.254 [main] INFO  o.a.c.core.ContainerBase.[Tomcat].[localhost].[/] - Initializing Spring embedded WebApplicationContext
2021-01-31 08:45:05.255 [main] INFO  o.s.b.w.s.c.ServletWebServerApplicationContext - Root WebApplicationContext: initialization completed in 5081 ms
2021-01-31 08:45:07.159 [main] INFO  o.s.scheduling.concurrent.ThreadPoolTaskExecutor - Initializing ExecutorService 'applicationTaskExecutor'
2021-01-31 08:45:07.872 [main] INFO  org.apache.coyote.http11.Http11NioProtocol - Starting ProtocolHandler ["http-nio-8088"]
2021-01-31 08:45:08.116 [main] INFO  o.s.boot.web.embedded.tomcat.TomcatWebServer - Tomcat started on port(s): 8088 (http) with context path ''
2021-01-31 08:45:08.172 [main] INFO  com.lzw.order_admin_sys.OrderAdminSysApplication - Started OrderAdminSysApplication in 11.916 seconds (JVM running for 20.183)
2021-01-31 09:06:16.997 [http-nio-8088-exec-2] INFO  o.a.c.core.ContainerBase.[Tomcat].[localhost].[/] - Initializing Spring DispatcherServlet 'dispatcherServlet'
2021-01-31 09:06:17.000 [http-nio-8088-exec-2] INFO  org.springframework.web.servlet.DispatcherServlet - Initializing Servlet 'dispatcherServlet'
2021-01-31 09:06:17.004 [http-nio-8088-exec-2] INFO  org.springframework.web.servlet.DispatcherServlet - Completed initialization in 3 ms
2021-01-31 09:06:17.890 [http-nio-8088-exec-2] INFO  com.zaxxer.hikari.HikariDataSource - HikariPool-1 - Starting...
2021-01-31 09:06:19.314 [http-nio-8088-exec-2] INFO  com.zaxxer.hikari.HikariDataSource - HikariPool-1 - Start completed.
2021-01-31 09:39:38.604 [main] INFO  com.lzw.order_admin_sys.OrderAdminSysApplication - Starting OrderAdminSysApplication using Java 1.8.0_221 on DESKTOP-CCETMSE with PID 13848 (D:\javaPro\order_admin_sys\target\classes started by LZW in D:\javaPro\order_admin_sys)
2021-01-31 09:39:38.632 [main] INFO  com.lzw.order_admin_sys.OrderAdminSysApplication - No active profile set, falling back to default profiles: default
2021-01-31 09:39:45.876 [main] INFO  o.s.boot.web.embedded.tomcat.TomcatWebServer - Tomcat initialized with port(s): 8088 (http)
2021-01-31 09:39:45.902 [main] INFO  org.apache.coyote.http11.Http11NioProtocol - Initializing ProtocolHandler ["http-nio-8088"]
2021-01-31 09:39:45.904 [main] INFO  org.apache.catalina.core.StandardService - Starting service [Tomcat]
2021-01-31 09:39:45.907 [main] INFO  org.apache.catalina.core.StandardEngine - Starting Servlet engine: [Apache Tomcat/9.0.41]
2021-01-31 09:39:46.242 [main] INFO  o.a.c.core.ContainerBase.[Tomcat].[localhost].[/] - Initializing Spring embedded WebApplicationContext
2021-01-31 09:39:46.243 [main] INFO  o.s.b.w.s.c.ServletWebServerApplicationContext - Root WebApplicationContext: initialization completed in 7183 ms
2021-01-31 09:39:47.957 [main] INFO  o.s.scheduling.concurrent.ThreadPoolTaskExecutor - Initializing ExecutorService 'applicationTaskExecutor'
2021-01-31 09:39:48.706 [main] INFO  org.apache.coyote.http11.Http11NioProtocol - Starting ProtocolHandler ["http-nio-8088"]
2021-01-31 09:39:48.936 [main] INFO  o.s.boot.web.embedded.tomcat.TomcatWebServer - Tomcat started on port(s): 8088 (http) with context path ''
2021-01-31 09:39:48.972 [main] INFO  com.lzw.order_admin_sys.OrderAdminSysApplication - Started OrderAdminSysApplication in 13.536 seconds (JVM running for 22.204)
2021-01-31 09:40:08.273 [http-nio-8088-exec-2] INFO  o.a.c.core.ContainerBase.[Tomcat].[localhost].[/] - Initializing Spring DispatcherServlet 'dispatcherServlet'
2021-01-31 09:40:08.274 [http-nio-8088-exec-2] INFO  org.springframework.web.servlet.DispatcherServlet - Initializing Servlet 'dispatcherServlet'
2021-01-31 09:40:08.279 [http-nio-8088-exec-2] INFO  org.springframework.web.servlet.DispatcherServlet - Completed initialization in 3 ms
2021-01-31 09:40:08.451 [http-nio-8088-exec-2] INFO  com.zaxxer.hikari.HikariDataSource - HikariPool-1 - Starting...
2021-01-31 09:40:09.320 [http-nio-8088-exec-2] INFO  com.zaxxer.hikari.HikariDataSource - HikariPool-1 - Start completed.
2021-01-31 17:27:58.877 [main] INFO  com.lzw.order_admin_sys.OrderAdminSysApplication - Starting OrderAdminSysApplication using Java 1.8.0_221 on DESKTOP-CCETMSE with PID 11364 (D:\javaPro\order_admin_sys\target\classes started by LZW in D:\javaPro\order_admin_sys)
2021-01-31 17:27:58.891 [main] INFO  com.lzw.order_admin_sys.OrderAdminSysApplication - No active profile set, falling back to default profiles: default
2021-01-31 17:28:04.514 [main] INFO  o.s.boot.web.embedded.tomcat.TomcatWebServer - Tomcat initialized with port(s): 8088 (http)
2021-01-31 17:28:04.550 [main] INFO  org.apache.coyote.http11.Http11NioProtocol - Initializing ProtocolHandler ["http-nio-8088"]
2021-01-31 17:28:04.555 [main] INFO  org.apache.catalina.core.StandardService - Starting service [Tomcat]
2021-01-31 17:28:04.557 [main] INFO  org.apache.catalina.core.StandardEngine - Starting Servlet engine: [Apache Tomcat/9.0.41]
2021-01-31 17:28:04.956 [main] INFO  o.a.c.core.ContainerBase.[Tomcat].[localhost].[/] - Initializing Spring embedded WebApplicationContext
2021-01-31 17:28:04.957 [main] INFO  o.s.b.w.s.c.ServletWebServerApplicationContext - Root WebApplicationContext: initialization completed in 5619 ms
2021-01-31 17:28:06.697 [main] INFO  o.s.scheduling.concurrent.ThreadPoolTaskExecutor - Initializing ExecutorService 'applicationTaskExecutor'
2021-01-31 17:28:07.364 [main] INFO  org.apache.coyote.http11.Http11NioProtocol - Starting ProtocolHandler ["http-nio-8088"]
2021-01-31 17:28:07.605 [main] INFO  o.s.boot.web.embedded.tomcat.TomcatWebServer - Tomcat started on port(s): 8088 (http) with context path ''
2021-01-31 17:28:07.652 [main] INFO  com.lzw.order_admin_sys.OrderAdminSysApplication - Started OrderAdminSysApplication in 12.271 seconds (JVM running for 19.489)
2021-01-31 17:28:15.165 [http-nio-8088-exec-1] INFO  o.a.c.core.ContainerBase.[Tomcat].[localhost].[/] - Initializing Spring DispatcherServlet 'dispatcherServlet'
2021-01-31 17:28:15.167 [http-nio-8088-exec-1] INFO  org.springframework.web.servlet.DispatcherServlet - Initializing Servlet 'dispatcherServlet'
2021-01-31 17:28:15.175 [http-nio-8088-exec-1] INFO  org.springframework.web.servlet.DispatcherServlet - Completed initialization in 3 ms
2021-01-31 17:28:15.967 [http-nio-8088-exec-1] INFO  com.zaxxer.hikari.HikariDataSource - HikariPool-1 - Starting...
2021-01-31 17:28:17.687 [http-nio-8088-exec-1] INFO  com.zaxxer.hikari.HikariDataSource - HikariPool-1 - Start completed.
2021-01-31 17:50:57.292 [main] INFO  com.lzw.order_admin_sys.OrderAdminSysApplication - Starting OrderAdminSysApplication using Java 1.8.0_221 on DESKTOP-CCETMSE with PID 15920 (D:\javaPro\order_admin_sys\target\classes started by LZW in D:\javaPro\order_admin_sys)
2021-01-31 17:50:57.346 [main] INFO  com.lzw.order_admin_sys.OrderAdminSysApplication - No active profile set, falling back to default profiles: default
2021-01-31 17:51:02.379 [main] INFO  o.s.boot.web.embedded.tomcat.TomcatWebServer - Tomcat initialized with port(s): 8088 (http)
2021-01-31 17:51:02.410 [main] INFO  org.apache.coyote.http11.Http11NioProtocol - Initializing ProtocolHandler ["http-nio-8088"]
2021-01-31 17:51:02.413 [main] INFO  org.apache.catalina.core.StandardService - Starting service [Tomcat]
2021-01-31 17:51:02.415 [main] INFO  org.apache.catalina.core.StandardEngine - Starting Servlet engine: [Apache Tomcat/9.0.41]
2021-01-31 17:51:02.803 [main] INFO  o.a.c.core.ContainerBase.[Tomcat].[localhost].[/] - Initializing Spring embedded WebApplicationContext
2021-01-31 17:51:02.804 [main] INFO  o.s.b.w.s.c.ServletWebServerApplicationContext - Root WebApplicationContext: initialization completed in 5042 ms
2021-01-31 17:51:04.363 [main] INFO  o.s.scheduling.concurrent.ThreadPoolTaskExecutor - Initializing ExecutorService 'applicationTaskExecutor'
2021-01-31 17:51:04.999 [main] INFO  org.apache.coyote.http11.Http11NioProtocol - Starting ProtocolHandler ["http-nio-8088"]
2021-01-31 17:51:05.066 [main] INFO  o.s.boot.web.embedded.tomcat.TomcatWebServer - Tomcat started on port(s): 8088 (http) with context path ''
2021-01-31 17:51:05.106 [main] INFO  com.lzw.order_admin_sys.OrderAdminSysApplication - Started OrderAdminSysApplication in 12.96 seconds (JVM running for 20.464)
2021-01-31 18:45:36.920 [http-nio-8088-exec-1] INFO  o.a.c.core.ContainerBase.[Tomcat].[localhost].[/] - Initializing Spring DispatcherServlet 'dispatcherServlet'
2021-01-31 18:45:36.925 [http-nio-8088-exec-1] INFO  org.springframework.web.servlet.DispatcherServlet - Initializing Servlet 'dispatcherServlet'
2021-01-31 18:45:36.933 [http-nio-8088-exec-1] INFO  org.springframework.web.servlet.DispatcherServlet - Completed initialization in 6 ms
2021-01-31 18:45:37.288 [http-nio-8088-exec-1] INFO  com.zaxxer.hikari.HikariDataSource - HikariPool-1 - Starting...
2021-01-31 18:45:38.185 [http-nio-8088-exec-1] INFO  com.zaxxer.hikari.HikariDataSource - HikariPool-1 - Start completed.
2021-01-31 21:58:54.141 [main] INFO  com.lzw.order_admin_sys.OrderAdminSysApplication - Starting OrderAdminSysApplication using Java 1.8.0_221 on DESKTOP-CCETMSE with PID 16236 (D:\javaPro\order_admin_sys\target\classes started by LZW in D:\javaPro\order_admin_sys)
2021-01-31 21:58:54.174 [main] INFO  com.lzw.order_admin_sys.OrderAdminSysApplication - No active profile set, falling back to default profiles: default
2021-01-31 21:59:03.212 [main] INFO  o.s.boot.web.embedded.tomcat.TomcatWebServer - Tomcat initialized with port(s): 8088 (http)
2021-01-31 21:59:03.254 [main] INFO  org.apache.coyote.http11.Http11NioProtocol - Initializing ProtocolHandler ["http-nio-8088"]
2021-01-31 21:59:03.257 [main] INFO  org.apache.catalina.core.StandardService - Starting service [Tomcat]
2021-01-31 21:59:03.259 [main] INFO  org.apache.catalina.core.StandardEngine - Starting Servlet engine: [Apache Tomcat/9.0.41]
2021-01-31 21:59:03.645 [main] INFO  o.a.c.core.ContainerBase.[Tomcat].[localhost].[/] - Initializing Spring embedded WebApplicationContext
2021-01-31 21:59:03.646 [main] INFO  o.s.b.w.s.c.ServletWebServerApplicationContext - Root WebApplicationContext: initialization completed in 8867 ms
2021-01-31 21:59:05.401 [main] INFO  o.s.scheduling.concurrent.ThreadPoolTaskExecutor - Initializing ExecutorService 'applicationTaskExecutor'
2021-01-31 21:59:06.176 [main] INFO  org.apache.coyote.http11.Http11NioProtocol - Starting ProtocolHandler ["http-nio-8088"]
2021-01-31 21:59:06.434 [main] INFO  o.s.boot.web.embedded.tomcat.TomcatWebServer - Tomcat started on port(s): 8088 (http) with context path ''
2021-01-31 21:59:06.477 [main] INFO  com.lzw.order_admin_sys.OrderAdminSysApplication - Started OrderAdminSysApplication in 15.823 seconds (JVM running for 22.665)
2021-01-31 22:00:17.488 [http-nio-8088-exec-1] INFO  o.a.c.core.ContainerBase.[Tomcat].[localhost].[/] - Initializing Spring DispatcherServlet 'dispatcherServlet'
2021-01-31 22:00:17.491 [http-nio-8088-exec-1] INFO  org.springframework.web.servlet.DispatcherServlet - Initializing Servlet 'dispatcherServlet'
2021-01-31 22:00:17.497 [http-nio-8088-exec-1] INFO  org.springframework.web.servlet.DispatcherServlet - Completed initialization in 4 ms
2021-01-31 22:00:17.665 [http-nio-8088-exec-1] INFO  com.zaxxer.hikari.HikariDataSource - HikariPool-1 - Starting...
2021-01-31 22:00:18.439 [http-nio-8088-exec-1] INFO  com.zaxxer.hikari.HikariDataSource - HikariPool-1 - Start completed.
2021-01-31 22:05:50.308 [main] INFO  com.lzw.order_admin_sys.OrderAdminSysApplication - Starting OrderAdminSysApplication using Java 1.8.0_221 on DESKTOP-CCETMSE with PID 7192 (D:\javaPro\order_admin_sys\target\classes started by LZW in D:\javaPro\order_admin_sys)
2021-01-31 22:05:50.328 [main] INFO  com.lzw.order_admin_sys.OrderAdminSysApplication - No active profile set, falling back to default profiles: default
2021-01-31 22:05:55.794 [main] INFO  o.s.boot.web.embedded.tomcat.TomcatWebServer - Tomcat initialized with port(s): 8088 (http)
2021-01-31 22:05:55.826 [main] INFO  org.apache.coyote.http11.Http11NioProtocol - Initializing ProtocolHandler ["http-nio-8088"]
2021-01-31 22:05:55.828 [main] INFO  org.apache.catalina.core.StandardService - Starting service [Tomcat]
2021-01-31 22:05:55.829 [main] INFO  org.apache.catalina.core.StandardEngine - Starting Servlet engine: [Apache Tomcat/9.0.41]
2021-01-31 22:05:56.199 [main] INFO  o.a.c.core.ContainerBase.[Tomcat].[localhost].[/] - Initializing Spring embedded WebApplicationContext
2021-01-31 22:05:56.200 [main] INFO  o.s.b.w.s.c.ServletWebServerApplicationContext - Root WebApplicationContext: initialization completed in 5257 ms
2021-01-31 22:05:57.750 [main] INFO  o.s.scheduling.concurrent.ThreadPoolTaskExecutor - Initializing ExecutorService 'applicationTaskExecutor'
2021-01-31 22:05:58.366 [main] INFO  org.apache.coyote.http11.Http11NioProtocol - Starting ProtocolHandler ["http-nio-8088"]
2021-01-31 22:05:58.574 [main] INFO  o.s.boot.web.embedded.tomcat.TomcatWebServer - Tomcat started on port(s): 8088 (http) with context path ''
2021-01-31 22:05:58.611 [main] INFO  com.lzw.order_admin_sys.OrderAdminSysApplication - Started OrderAdminSysApplication in 11.952 seconds (JVM running for 21.49)
