2021-01-29 09:25:41.420 [main] INFO  com.lzw.order_admin_sys.OrderAdminSysApplication - Starting OrderAdminSysApplication using Java 1.8.0_221 on DESKTOP-CCETMSE with PID 6304 (D:\javaPro\order_admin_sys\target\classes started by LZW in D:\javaPro\order_admin_sys)
2021-01-29 09:25:41.461 [main] INFO  com.lzw.order_admin_sys.OrderAdminSysApplication - No active profile set, falling back to default profiles: default
2021-01-29 09:25:49.051 [main] INFO  o.s.boot.web.embedded.tomcat.TomcatWebServer - Tomcat initialized with port(s): 8088 (http)
2021-01-29 09:25:49.113 [main] INFO  org.apache.coyote.http11.Http11NioProtocol - Initializing ProtocolHandler ["http-nio-8088"]
2021-01-29 09:25:49.117 [main] INFO  org.apache.catalina.core.StandardService - Starting service [Tomcat]
2021-01-29 09:25:49.160 [main] INFO  org.apache.catalina.core.StandardEngine - Starting Servlet engine: [Apache Tomcat/9.0.41]
2021-01-29 09:25:49.748 [main] INFO  o.a.c.core.ContainerBase.[Tomcat].[localhost].[/] - Initializing Spring embedded WebApplicationContext
2021-01-29 09:25:49.748 [main] INFO  o.s.b.w.s.c.ServletWebServerApplicationContext - Root WebApplicationContext: initialization completed in 7720 ms
2021-01-29 09:25:52.975 [main] INFO  o.s.scheduling.concurrent.ThreadPoolTaskExecutor - Initializing ExecutorService 'applicationTaskExecutor'
2021-01-29 09:25:53.984 [main] INFO  org.apache.coyote.http11.Http11NioProtocol - Starting ProtocolHandler ["http-nio-8088"]
2021-01-29 09:25:54.057 [main] INFO  o.s.boot.web.embedded.tomcat.TomcatWebServer - Tomcat started on port(s): 8088 (http) with context path ''
2021-01-29 09:25:54.097 [main] INFO  com.lzw.order_admin_sys.OrderAdminSysApplication - Started OrderAdminSysApplication in 16.107 seconds (JVM running for 26.123)
2021-01-29 09:50:21.142 [http-nio-8088-exec-1] INFO  o.a.c.core.ContainerBase.[Tomcat].[localhost].[/] - Initializing Spring DispatcherServlet 'dispatcherServlet'
2021-01-29 09:50:21.144 [http-nio-8088-exec-1] INFO  org.springframework.web.servlet.DispatcherServlet - Initializing Servlet 'dispatcherServlet'
2021-01-29 09:50:21.149 [http-nio-8088-exec-1] INFO  org.springframework.web.servlet.DispatcherServlet - Completed initialization in 4 ms
2021-01-29 09:50:21.501 [http-nio-8088-exec-1] INFO  com.zaxxer.hikari.HikariDataSource - HikariPool-1 - Starting...
2021-01-29 09:50:22.595 [http-nio-8088-exec-1] INFO  com.zaxxer.hikari.HikariDataSource - HikariPool-1 - Start completed.
2021-01-29 17:33:00.072 [main] INFO  com.lzw.order_admin_sys.OrderAdminSysApplication - Starting OrderAdminSysApplication using Java 1.8.0_221 on DESKTOP-CCETMSE with PID 17132 (D:\javaPro\order_admin_sys\target\classes started by LZW in D:\javaPro\order_admin_sys)
2021-01-29 17:33:00.089 [main] INFO  com.lzw.order_admin_sys.OrderAdminSysApplication - No active profile set, falling back to default profiles: default
2021-01-29 17:33:06.860 [main] INFO  o.s.boot.web.embedded.tomcat.TomcatWebServer - Tomcat initialized with port(s): 8088 (http)
2021-01-29 17:33:06.910 [main] INFO  org.apache.coyote.http11.Http11NioProtocol - Initializing ProtocolHandler ["http-nio-8088"]
2021-01-29 17:33:06.914 [main] INFO  org.apache.catalina.core.StandardService - Starting service [Tomcat]
2021-01-29 17:33:06.915 [main] INFO  org.apache.catalina.core.StandardEngine - Starting Servlet engine: [Apache Tomcat/9.0.41]
2021-01-29 17:33:07.361 [main] INFO  o.a.c.core.ContainerBase.[Tomcat].[localhost].[/] - Initializing Spring embedded WebApplicationContext
2021-01-29 17:33:07.362 [main] INFO  o.s.b.w.s.c.ServletWebServerApplicationContext - Root WebApplicationContext: initialization completed in 6584 ms
2021-01-29 17:33:08.710 [main] INFO  org.apache.catalina.core.StandardService - Stopping service [Tomcat]
2021-01-29 17:33:08.771 [main] INFO  o.s.b.a.l.ConditionEvaluationReportLoggingListener - 

Error starting ApplicationContext. To display the conditions report re-run your application with 'debug' enabled.
2021-01-29 17:51:19.909 [main] INFO  com.lzw.order_admin_sys.OrderAdminSysApplication - Starting OrderAdminSysApplication using Java 1.8.0_221 on DESKTOP-CCETMSE with PID 3060 (D:\javaPro\order_admin_sys\target\classes started by LZW in D:\javaPro\order_admin_sys)
2021-01-29 17:51:19.923 [main] INFO  com.lzw.order_admin_sys.OrderAdminSysApplication - No active profile set, falling back to default profiles: default
2021-01-29 17:51:32.614 [main] INFO  o.s.boot.web.embedded.tomcat.TomcatWebServer - Tomcat initialized with port(s): 8088 (http)
2021-01-29 17:51:32.745 [main] INFO  org.apache.coyote.http11.Http11NioProtocol - Initializing ProtocolHandler ["http-nio-8088"]
2021-01-29 17:51:32.748 [main] INFO  org.apache.catalina.core.StandardService - Starting service [Tomcat]
2021-01-29 17:51:32.749 [main] INFO  org.apache.catalina.core.StandardEngine - Starting Servlet engine: [Apache Tomcat/9.0.41]
2021-01-29 17:51:34.189 [main] INFO  o.a.c.core.ContainerBase.[Tomcat].[localhost].[/] - Initializing Spring embedded WebApplicationContext
2021-01-29 17:51:34.191 [main] INFO  o.s.b.w.s.c.ServletWebServerApplicationContext - Root WebApplicationContext: initialization completed in 13539 ms
2021-01-29 17:51:44.337 [main] INFO  o.s.scheduling.concurrent.ThreadPoolTaskExecutor - Initializing ExecutorService 'applicationTaskExecutor'
2021-01-29 17:51:47.769 [main] INFO  org.apache.coyote.http11.Http11NioProtocol - Starting ProtocolHandler ["http-nio-8088"]
2021-01-29 17:51:48.181 [main] INFO  o.s.boot.web.embedded.tomcat.TomcatWebServer - Tomcat started on port(s): 8088 (http) with context path ''
2021-01-29 17:51:48.302 [main] INFO  com.lzw.order_admin_sys.OrderAdminSysApplication - Started OrderAdminSysApplication in 35.011 seconds (JVM running for 52.376)
2021-01-29 17:53:07.426 [http-nio-8088-exec-2] INFO  o.a.c.core.ContainerBase.[Tomcat].[localhost].[/] - Initializing Spring DispatcherServlet 'dispatcherServlet'
2021-01-29 17:53:07.429 [http-nio-8088-exec-2] INFO  org.springframework.web.servlet.DispatcherServlet - Initializing Servlet 'dispatcherServlet'
2021-01-29 17:53:07.436 [http-nio-8088-exec-2] INFO  org.springframework.web.servlet.DispatcherServlet - Completed initialization in 4 ms
2021-01-29 17:53:07.849 [http-nio-8088-exec-2] INFO  com.zaxxer.hikari.HikariDataSource - HikariPool-1 - Starting...
2021-01-29 17:53:08.583 [http-nio-8088-exec-2] INFO  com.zaxxer.hikari.HikariDataSource - HikariPool-1 - Start completed.
