2021-02-23 10:53:21.853 [main] INFO  com.lzw.order_admin_sys.OrderAdminSysApplication - Starting OrderAdminSysApplication using Java 1.8.0_221 on DESKTOP-CCETMSE with PID 12076 (D:\javaPro\order_admin_sys\target\classes started by LZW in D:\javaPro\order_admin_sys)
2021-02-23 10:53:21.892 [main] INFO  com.lzw.order_admin_sys.OrderAdminSysApplication - No active profile set, falling back to default profiles: default
2021-02-23 10:53:27.945 [main] INFO  o.s.boot.web.embedded.tomcat.TomcatWebServer - Tomcat initialized with port(s): 8088 (http)
2021-02-23 10:53:27.983 [main] INFO  org.apache.coyote.http11.Http11NioProtocol - Initializing ProtocolHandler ["http-nio-8088"]
2021-02-23 10:53:27.989 [main] INFO  org.apache.catalina.core.StandardService - Starting service [Tomcat]
2021-02-23 10:53:27.991 [main] INFO  org.apache.catalina.core.StandardEngine - Starting Servlet engine: [Apache Tomcat/9.0.41]
2021-02-23 10:53:28.345 [main] INFO  o.a.c.core.ContainerBase.[Tomcat].[localhost].[/] - Initializing Spring embedded WebApplicationContext
2021-02-23 10:53:28.346 [main] INFO  o.s.b.w.s.c.ServletWebServerApplicationContext - Root WebApplicationContext: initialization completed in 6071 ms
2021-02-23 10:53:30.126 [main] INFO  o.s.scheduling.concurrent.ThreadPoolTaskExecutor - Initializing ExecutorService 'applicationTaskExecutor'
2021-02-23 10:53:30.752 [main] INFO  org.apache.coyote.http11.Http11NioProtocol - Starting ProtocolHandler ["http-nio-8088"]
2021-02-23 10:53:30.973 [main] INFO  o.s.boot.web.embedded.tomcat.TomcatWebServer - Tomcat started on port(s): 8088 (http) with context path ''
2021-02-23 10:53:31.009 [main] INFO  com.lzw.order_admin_sys.OrderAdminSysApplication - Started OrderAdminSysApplication in 11.51 seconds (JVM running for 17.971)
2021-02-23 10:53:37.939 [http-nio-8088-exec-1] INFO  o.a.c.core.ContainerBase.[Tomcat].[localhost].[/] - Initializing Spring DispatcherServlet 'dispatcherServlet'
2021-02-23 10:53:37.940 [http-nio-8088-exec-1] INFO  org.springframework.web.servlet.DispatcherServlet - Initializing Servlet 'dispatcherServlet'
2021-02-23 10:53:37.944 [http-nio-8088-exec-1] INFO  org.springframework.web.servlet.DispatcherServlet - Completed initialization in 3 ms
2021-02-23 10:53:38.184 [http-nio-8088-exec-1] INFO  com.zaxxer.hikari.HikariDataSource - HikariPool-1 - Starting...
2021-02-23 10:53:39.208 [http-nio-8088-exec-1] INFO  com.zaxxer.hikari.HikariDataSource - HikariPool-1 - Start completed.
2021-02-23 11:01:05.186 [main] INFO  com.lzw.order_admin_sys.OrderAdminSysApplication - Starting OrderAdminSysApplication using Java 1.8.0_221 on DESKTOP-CCETMSE with PID 3576 (D:\javaPro\order_admin_sys\target\classes started by LZW in D:\javaPro\order_admin_sys)
2021-02-23 11:01:05.224 [main] INFO  com.lzw.order_admin_sys.OrderAdminSysApplication - No active profile set, falling back to default profiles: default
2021-02-23 11:01:13.326 [main] INFO  o.s.boot.web.embedded.tomcat.TomcatWebServer - Tomcat initialized with port(s): 8088 (http)
2021-02-23 11:01:13.363 [main] INFO  org.apache.coyote.http11.Http11NioProtocol - Initializing ProtocolHandler ["http-nio-8088"]
2021-02-23 11:01:13.366 [main] INFO  org.apache.catalina.core.StandardService - Starting service [Tomcat]
2021-02-23 11:01:13.368 [main] INFO  org.apache.catalina.core.StandardEngine - Starting Servlet engine: [Apache Tomcat/9.0.41]
2021-02-23 11:01:14.100 [main] INFO  o.a.c.core.ContainerBase.[Tomcat].[localhost].[/] - Initializing Spring embedded WebApplicationContext
2021-02-23 11:01:14.101 [main] INFO  o.s.b.w.s.c.ServletWebServerApplicationContext - Root WebApplicationContext: initialization completed in 8410 ms
2021-02-23 11:01:16.366 [main] INFO  o.s.scheduling.concurrent.ThreadPoolTaskExecutor - Initializing ExecutorService 'applicationTaskExecutor'
2021-02-23 11:01:17.180 [main] INFO  org.apache.coyote.http11.Http11NioProtocol - Starting ProtocolHandler ["http-nio-8088"]
2021-02-23 11:01:17.542 [main] INFO  o.s.boot.web.embedded.tomcat.TomcatWebServer - Tomcat started on port(s): 8088 (http) with context path ''
2021-02-23 11:01:17.586 [main] INFO  com.lzw.order_admin_sys.OrderAdminSysApplication - Started OrderAdminSysApplication in 17.052 seconds (JVM running for 26.109)
2021-02-23 11:02:07.227 [http-nio-8088-exec-2] INFO  o.a.c.core.ContainerBase.[Tomcat].[localhost].[/] - Initializing Spring DispatcherServlet 'dispatcherServlet'
2021-02-23 11:02:07.230 [http-nio-8088-exec-2] INFO  org.springframework.web.servlet.DispatcherServlet - Initializing Servlet 'dispatcherServlet'
2021-02-23 11:02:07.234 [http-nio-8088-exec-2] INFO  org.springframework.web.servlet.DispatcherServlet - Completed initialization in 2 ms
2021-02-23 11:02:07.490 [http-nio-8088-exec-2] INFO  com.zaxxer.hikari.HikariDataSource - HikariPool-1 - Starting...
2021-02-23 11:02:08.233 [http-nio-8088-exec-2] INFO  com.zaxxer.hikari.HikariDataSource - HikariPool-1 - Start completed.
2021-02-23 11:04:24.202 [main] INFO  com.lzw.order_admin_sys.OrderAdminSysApplication - Starting OrderAdminSysApplication using Java 1.8.0_221 on DESKTOP-CCETMSE with PID 1208 (D:\javaPro\order_admin_sys\target\classes started by LZW in D:\javaPro\order_admin_sys)
2021-02-23 11:04:24.214 [main] INFO  com.lzw.order_admin_sys.OrderAdminSysApplication - No active profile set, falling back to default profiles: default
2021-02-23 11:04:30.232 [main] INFO  o.s.boot.web.embedded.tomcat.TomcatWebServer - Tomcat initialized with port(s): 8088 (http)
2021-02-23 11:04:30.265 [main] INFO  org.apache.coyote.http11.Http11NioProtocol - Initializing ProtocolHandler ["http-nio-8088"]
2021-02-23 11:04:30.268 [main] INFO  org.apache.catalina.core.StandardService - Starting service [Tomcat]
2021-02-23 11:04:30.269 [main] INFO  org.apache.catalina.core.StandardEngine - Starting Servlet engine: [Apache Tomcat/9.0.41]
2021-02-23 11:04:30.695 [main] INFO  o.a.c.core.ContainerBase.[Tomcat].[localhost].[/] - Initializing Spring embedded WebApplicationContext
2021-02-23 11:04:30.696 [main] INFO  o.s.b.w.s.c.ServletWebServerApplicationContext - Root WebApplicationContext: initialization completed in 6223 ms
2021-02-23 11:04:32.399 [main] INFO  o.s.scheduling.concurrent.ThreadPoolTaskExecutor - Initializing ExecutorService 'applicationTaskExecutor'
2021-02-23 11:04:33.127 [main] INFO  org.apache.coyote.http11.Http11NioProtocol - Starting ProtocolHandler ["http-nio-8088"]
2021-02-23 11:04:33.343 [main] INFO  o.s.boot.web.embedded.tomcat.TomcatWebServer - Tomcat started on port(s): 8088 (http) with context path ''
2021-02-23 11:04:33.381 [main] INFO  com.lzw.order_admin_sys.OrderAdminSysApplication - Started OrderAdminSysApplication in 11.718 seconds (JVM running for 18.914)
2021-02-23 11:04:46.456 [http-nio-8088-exec-1] INFO  o.a.c.core.ContainerBase.[Tomcat].[localhost].[/] - Initializing Spring DispatcherServlet 'dispatcherServlet'
2021-02-23 11:04:46.457 [http-nio-8088-exec-1] INFO  org.springframework.web.servlet.DispatcherServlet - Initializing Servlet 'dispatcherServlet'
2021-02-23 11:04:46.523 [http-nio-8088-exec-1] INFO  org.springframework.web.servlet.DispatcherServlet - Completed initialization in 61 ms
2021-02-23 11:04:47.220 [http-nio-8088-exec-2] INFO  com.zaxxer.hikari.HikariDataSource - HikariPool-1 - Starting...
2021-02-23 11:04:48.460 [http-nio-8088-exec-2] INFO  com.zaxxer.hikari.HikariDataSource - HikariPool-1 - Start completed.
2021-02-23 11:07:51.194 [main] INFO  com.lzw.order_admin_sys.OrderAdminSysApplication - Starting OrderAdminSysApplication using Java 1.8.0_221 on DESKTOP-CCETMSE with PID 3968 (D:\javaPro\order_admin_sys\target\classes started by LZW in D:\javaPro\order_admin_sys)
2021-02-23 11:07:51.211 [main] INFO  com.lzw.order_admin_sys.OrderAdminSysApplication - No active profile set, falling back to default profiles: default
2021-02-23 11:08:01.074 [main] INFO  o.s.boot.web.embedded.tomcat.TomcatWebServer - Tomcat initialized with port(s): 8088 (http)
2021-02-23 11:08:01.139 [main] INFO  org.apache.coyote.http11.Http11NioProtocol - Initializing ProtocolHandler ["http-nio-8088"]
2021-02-23 11:08:01.146 [main] INFO  org.apache.catalina.core.StandardService - Starting service [Tomcat]
2021-02-23 11:08:01.149 [main] INFO  org.apache.catalina.core.StandardEngine - Starting Servlet engine: [Apache Tomcat/9.0.41]
2021-02-23 11:08:01.584 [main] INFO  o.a.c.core.ContainerBase.[Tomcat].[localhost].[/] - Initializing Spring embedded WebApplicationContext
2021-02-23 11:08:01.585 [main] INFO  o.s.b.w.s.c.ServletWebServerApplicationContext - Root WebApplicationContext: initialization completed in 9729 ms
2021-02-23 11:08:05.869 [main] INFO  o.s.scheduling.concurrent.ThreadPoolTaskExecutor - Initializing ExecutorService 'applicationTaskExecutor'
2021-02-23 11:08:07.427 [main] INFO  org.apache.coyote.http11.Http11NioProtocol - Starting ProtocolHandler ["http-nio-8088"]
2021-02-23 11:08:07.709 [main] INFO  o.s.boot.web.embedded.tomcat.TomcatWebServer - Tomcat started on port(s): 8088 (http) with context path ''
2021-02-23 11:08:07.763 [main] INFO  com.lzw.order_admin_sys.OrderAdminSysApplication - Started OrderAdminSysApplication in 20.199 seconds (JVM running for 30.397)
2021-02-23 11:08:14.291 [http-nio-8088-exec-1] INFO  o.a.c.core.ContainerBase.[Tomcat].[localhost].[/] - Initializing Spring DispatcherServlet 'dispatcherServlet'
2021-02-23 11:08:14.301 [http-nio-8088-exec-1] INFO  org.springframework.web.servlet.DispatcherServlet - Initializing Servlet 'dispatcherServlet'
2021-02-23 11:08:14.319 [http-nio-8088-exec-1] INFO  org.springframework.web.servlet.DispatcherServlet - Completed initialization in 14 ms
2021-02-23 11:08:15.311 [http-nio-8088-exec-2] INFO  com.zaxxer.hikari.HikariDataSource - HikariPool-1 - Starting...
2021-02-23 11:08:16.918 [http-nio-8088-exec-2] INFO  com.zaxxer.hikari.HikariDataSource - HikariPool-1 - Start completed.
2021-02-23 11:20:24.864 [main] INFO  com.lzw.order_admin_sys.OrderAdminSysApplication - Starting OrderAdminSysApplication using Java 1.8.0_221 on DESKTOP-CCETMSE with PID 6988 (D:\my-repository\order_system\order_admin_sys\target\classes started by LZW in D:\my-repository\order_system\order_admin_sys)
2021-02-23 11:20:24.906 [main] INFO  com.lzw.order_admin_sys.OrderAdminSysApplication - No active profile set, falling back to default profiles: default
2021-02-23 11:20:31.032 [main] INFO  o.s.boot.web.embedded.tomcat.TomcatWebServer - Tomcat initialized with port(s): 8088 (http)
2021-02-23 11:20:31.098 [main] INFO  org.apache.coyote.http11.Http11NioProtocol - Initializing ProtocolHandler ["http-nio-8088"]
2021-02-23 11:20:31.101 [main] INFO  org.apache.catalina.core.StandardService - Starting service [Tomcat]
2021-02-23 11:20:31.102 [main] INFO  org.apache.catalina.core.StandardEngine - Starting Servlet engine: [Apache Tomcat/9.0.41]
2021-02-23 11:20:31.458 [main] INFO  o.a.c.core.ContainerBase.[Tomcat].[localhost].[/] - Initializing Spring embedded WebApplicationContext
2021-02-23 11:20:31.458 [main] INFO  o.s.b.w.s.c.ServletWebServerApplicationContext - Root WebApplicationContext: initialization completed in 6216 ms
2021-02-23 11:20:33.059 [main] INFO  o.s.scheduling.concurrent.ThreadPoolTaskExecutor - Initializing ExecutorService 'applicationTaskExecutor'
2021-02-23 11:20:33.768 [main] INFO  org.apache.coyote.http11.Http11NioProtocol - Starting ProtocolHandler ["http-nio-8088"]
2021-02-23 11:20:34.075 [main] INFO  o.s.boot.web.embedded.tomcat.TomcatWebServer - Tomcat started on port(s): 8088 (http) with context path ''
2021-02-23 11:20:34.110 [main] INFO  com.lzw.order_admin_sys.OrderAdminSysApplication - Started OrderAdminSysApplication in 12.138 seconds (JVM running for 20.307)
2021-02-23 11:21:02.323 [http-nio-8088-exec-1] INFO  o.a.c.core.ContainerBase.[Tomcat].[localhost].[/] - Initializing Spring DispatcherServlet 'dispatcherServlet'
2021-02-23 11:21:02.325 [http-nio-8088-exec-1] INFO  org.springframework.web.servlet.DispatcherServlet - Initializing Servlet 'dispatcherServlet'
2021-02-23 11:21:02.329 [http-nio-8088-exec-1] INFO  org.springframework.web.servlet.DispatcherServlet - Completed initialization in 3 ms
2021-02-23 11:21:02.567 [http-nio-8088-exec-1] INFO  com.zaxxer.hikari.HikariDataSource - HikariPool-1 - Starting...
2021-02-23 11:21:03.361 [http-nio-8088-exec-1] INFO  com.zaxxer.hikari.HikariDataSource - HikariPool-1 - Start completed.
2021-02-23 12:27:23.544 [main] INFO  com.lzw.order_admin_sys.OrderAdminSysApplication - Starting OrderAdminSysApplication using Java 1.8.0_221 on DESKTOP-CCETMSE with PID 4568 (D:\my-repository\order_system\order_admin_sys\target\classes started by LZW in D:\my-repository\order_system\order_admin_sys)
2021-02-23 12:27:23.557 [main] INFO  com.lzw.order_admin_sys.OrderAdminSysApplication - No active profile set, falling back to default profiles: default
2021-02-23 12:27:29.421 [main] INFO  o.s.boot.web.embedded.tomcat.TomcatWebServer - Tomcat initialized with port(s): 8088 (http)
2021-02-23 12:27:29.487 [main] INFO  org.apache.coyote.http11.Http11NioProtocol - Initializing ProtocolHandler ["http-nio-8088"]
2021-02-23 12:27:29.491 [main] INFO  org.apache.catalina.core.StandardService - Starting service [Tomcat]
2021-02-23 12:27:29.492 [main] INFO  org.apache.catalina.core.StandardEngine - Starting Servlet engine: [Apache Tomcat/9.0.41]
2021-02-23 12:27:30.988 [main] INFO  o.a.c.core.ContainerBase.[Tomcat].[localhost].[/] - Initializing Spring embedded WebApplicationContext
2021-02-23 12:27:30.989 [main] INFO  o.s.b.w.s.c.ServletWebServerApplicationContext - Root WebApplicationContext: initialization completed in 7131 ms
2021-02-23 12:27:35.048 [main] INFO  o.s.scheduling.concurrent.ThreadPoolTaskExecutor - Initializing ExecutorService 'applicationTaskExecutor'
2021-02-23 12:27:35.751 [main] INFO  org.apache.coyote.http11.Http11NioProtocol - Starting ProtocolHandler ["http-nio-8088"]
2021-02-23 12:27:35.967 [main] INFO  o.s.boot.web.embedded.tomcat.TomcatWebServer - Tomcat started on port(s): 8088 (http) with context path ''
2021-02-23 12:27:36.016 [main] INFO  com.lzw.order_admin_sys.OrderAdminSysApplication - Started OrderAdminSysApplication in 15.683 seconds (JVM running for 27.75)
2021-02-23 12:27:49.235 [http-nio-8088-exec-1] INFO  o.a.c.core.ContainerBase.[Tomcat].[localhost].[/] - Initializing Spring DispatcherServlet 'dispatcherServlet'
2021-02-23 12:27:49.238 [http-nio-8088-exec-1] INFO  org.springframework.web.servlet.DispatcherServlet - Initializing Servlet 'dispatcherServlet'
2021-02-23 12:27:49.243 [http-nio-8088-exec-1] INFO  org.springframework.web.servlet.DispatcherServlet - Completed initialization in 4 ms
2021-02-23 12:27:50.133 [http-nio-8088-exec-2] INFO  com.zaxxer.hikari.HikariDataSource - HikariPool-1 - Starting...
2021-02-23 12:27:51.641 [http-nio-8088-exec-2] INFO  com.zaxxer.hikari.HikariDataSource - HikariPool-1 - Start completed.
